ObjectDetection/app/build/intermediates/manifest_merge_blame_file/debug/manifest-merger-blame-debug-report.txt
1<?xml version="1.0" encoding="utf-8"?>
2<manifest xmlns:android="http://schemas.android.com/apk/res/android"
3    package="org.pytorch.demo.objectdetection"
4    android:versionCode="1"
5    android:versionName="1.0" >
6
7    <uses-sdk
8        android:minSdkVersion="28"
8-->src\main\AndroidManifest.xml
9        android:targetSdkVersion="33" />
9-->src\main\AndroidManifest.xml
10
11    <uses-permission android:name="android.permission.READ_EXTERNAL_STORAGE" />
11-->src\main\AndroidManifest.xml:5:5-80
11-->src\main\AndroidManifest.xml:5:22-77
12    <uses-permission android:name="android.permission.WRITE_EXTERNAL_STORAGE" />
12-->src\main\AndroidManifest.xml:6:5-81
12-->src\main\AndroidManifest.xml:6:22-78
13    <uses-permission android:name="android.permission.CAMERA" />
13-->src\main\AndroidManifest.xml:7:5-65
13-->src\main\AndroidManifest.xml:7:22-62
14    <uses-permission android:name="android.permission.ACCESS_FINE_LOCATION" />
14-->src\main\AndroidManifest.xml:8:5-95
14-->src\main\AndroidManifest.xml:8:22-76
15    <uses-permission android:name="android.permission.ACCESS_COARSE_LOCATION" />
15-->src\main\AndroidManifest.xml:9:5-97
15-->src\main\AndroidManifest.xml:9:22-78
16
17    <application
17-->src\main\AndroidManifest.xml:11:5-47:19
18        android:allowBackup="true"
18-->src\main\AndroidManifest.xml:12:9-35
19        android:appComponentFactory="androidx.core.app.CoreComponentFactory"
19-->[androidx.core:core:1.5.0] AndroidManifest.xml:24:18-86
20        android:debuggable="true"
21        android:extractNativeLibs="false"
22        android:icon="@drawable/logo_drberry"
22-->src\main\AndroidManifest.xml:13:9-46
23        android:label="@string/app_name"
23-->src\main\AndroidManifest.xml:14:9-41
24        android:roundIcon="@drawable/logo_drberry"
24-->src\main\AndroidManifest.xml:15:9-51
25        android:supportsRtl="true"
25-->src\main\AndroidManifest.xml:16:9-35
26        android:theme="@style/AppTheme" >
26-->src\main\AndroidManifest.xml:17:9-40
27        <activity
27-->src\main\AndroidManifest.xml:18:9-20:40
28            android:name="org.pytorch.demo.objectdetection.searchImages"
28-->src\main\AndroidManifest.xml:19:13-41
29            android:exported="false" />
29-->src\main\AndroidManifest.xml:20:13-37
30        <activity
30-->src\main\AndroidManifest.xml:21:9-23:40
31            android:name="org.pytorch.demo.objectdetection.ResultDownload"
31-->src\main\AndroidManifest.xml:22:13-43
32            android:exported="false" />
32-->src\main\AndroidManifest.xml:23:13-37
33        <activity
33-->src\main\AndroidManifest.xml:24:9-26:40
34            android:name="org.pytorch.demo.objectdetection.MainActivity"
34-->src\main\AndroidManifest.xml:25:13-41
35            android:exported="false" />
35-->src\main\AndroidManifest.xml:26:13-37
36        <activity
36-->src\main\AndroidManifest.xml:27:9-37:20
37            android:name="org.pytorch.demo.objectdetection.splash_screen"
37-->src\main\AndroidManifest.xml:28:13-42
38            android:configChanges="orientation"
38-->src\main\AndroidManifest.xml:29:13-48
39            android:exported="true"
39-->src\main\AndroidManifest.xml:30:13-36
40            android:screenOrientation="portrait" >
40-->src\main\AndroidManifest.xml:31:13-49
41            <intent-filter>
41-->src\main\AndroidManifest.xml:32:13-36:29
42                <action android:name="android.intent.action.MAIN" />
42-->src\main\AndroidManifest.xml:33:17-69
42-->src\main\AndroidManifest.xml:33:25-66
43
44                <category android:name="android.intent.category.LAUNCHER" />
44-->src\main\AndroidManifest.xml:35:17-77
44-->src\main\AndroidManifest.xml:35:27-74
45            </intent-filter>
46        </activity>
47        <activity
47-->src\main\AndroidManifest.xml:38:9-41:52
48            android:name="org.pytorch.demo.objectdetection.ObjectDetectionActivity"
48-->src\main\AndroidManifest.xml:39:13-52
49            android:configChanges="orientation"
49-->src\main\AndroidManifest.xml:40:13-48
50            android:screenOrientation="portrait" />
50-->src\main\AndroidManifest.xml:41:13-49
51        <activity android:name="com.theartofdev.edmodo.cropper.CropImageActivity" />
51-->src\main\AndroidManifest.xml:42:9-85
51-->src\main\AndroidManifest.xml:42:19-82
52
53        <meta-data
53-->src\main\AndroidManifest.xml:44:9-46:57
54            android:name="preloaded_fonts"
54-->src\main\AndroidManifest.xml:45:13-43
55            android:resource="@array/preloaded_fonts" />
55-->src\main\AndroidManifest.xml:46:13-54
56
57        <provider
57-->[androidx.camera:camera-camera2:1.0.0-alpha05] AndroidManifest.xml:25:9-30:43
58            android:name="androidx.camera.camera2.impl.Camera2Initializer"
58-->[androidx.camera:camera-camera2:1.0.0-alpha05] AndroidManifest.xml:26:13-75
59            android:authorities="org.pytorch.demo.objectdetection.camerax-init"
59-->[androidx.camera:camera-camera2:1.0.0-alpha05] AndroidManifest.xml:27:13-64
60            android:exported="false"
60-->[androidx.camera:camera-camera2:1.0.0-alpha05] AndroidManifest.xml:28:13-37
61            android:initOrder="100"
61-->[androidx.camera:camera-camera2:1.0.0-alpha05] AndroidManifest.xml:29:13-36
62            android:multiprocess="true" />
62-->[androidx.camera:camera-camera2:1.0.0-alpha05] AndroidManifest.xml:30:13-40
63    </application>
64
65</manifest>